

 NAS Parallel Benchmarks (NPB3.3-OMP) - CG Benchmark

 Size:       75000
 Iterations:                     75
 Number of available threads:    20

 Initialization time =           0.513 seconds

   iteration           ||r||                 zeta
        1       0.22755558600901E-12    59.9994751578754
        2       0.84384557667629E-15    21.7627846142538
        3       0.86270840953110E-15    22.2876617043225
        4       0.85915948228650E-15    22.5230738188353
        5       0.86977177634225E-15    22.6275390653890
        6       0.86830515166157E-15    22.6740259189537
        7       0.87436803059675E-15    22.6949056826253
        8       0.88636149706516E-15    22.7044023166871
        9       0.88127463027747E-15    22.7087834345616
       10       0.88693737233354E-15    22.7108351397172
       11       0.87996333025145E-15    22.7118107121337
       12       0.88733696577984E-15    22.7122816240973
       13       0.88023235705405E-15    22.7125122663245
       14       0.88574721498546E-15    22.7126268007598
       15       0.87503812015950E-15    22.7126844161817
       16       0.88174480449890E-15    22.7127137461758
       17       0.87986073515477E-15    22.7127288401997
       18       0.88103841464190E-15    22.7127366848297
       19       0.88012976910972E-15    22.7127407981219
       20       0.87547298231989E-15    22.7127429721364
       21       0.87299609342650E-15    22.7127441294027
       22       0.87818248575254E-15    22.7127447493899
       23       0.87947793075012E-15    22.7127450834529
       24       0.87794247496898E-15    22.7127452643879
       25       0.87501473356607E-15    22.7127453628459
       26       0.87967686098525E-15    22.7127454166513
       27       0.87905338038235E-15    22.7127454461691
       28       0.87887947847504E-15    22.7127454624205
       29       0.88455898205487E-15    22.7127454713970
       30       0.87879533783558E-15    22.7127454763704
       31       0.88279647593747E-15    22.7127454791336
       32       0.87761999094147E-15    22.7127454806729
       33       0.87390073458415E-15    22.7127454815324
       34       0.87509310944005E-15    22.7127454820135
       35       0.86982261354542E-15    22.7127454822834
       36       0.87363452664138E-15    22.7127454824351
       37       0.87131254373223E-15    22.7127454825205
       38       0.87265471311269E-15    22.7127454825687
       39       0.87492400825518E-15    22.7127454825959
       40       0.87080470083767E-15    22.7127454826114
       41       0.87193069086902E-15    22.7127454826201
       42       0.87154598185077E-15    22.7127454826251
       43       0.87168906407185E-15    22.7127454826279
       44       0.87269737638091E-15    22.7127454826296
       45       0.87190509752929E-15    22.7127454826304
       46       0.86414690810209E-15    22.7127454826310
       47       0.86757670948641E-15    22.7127454826313
       48       0.86592261164077E-15    22.7127454826315
       49       0.86844772220640E-15    22.7127454826316
       50       0.86890165755869E-15    22.7127454826316
       51       0.86864065554239E-15    22.7127454826317
       52       0.86959973650684E-15    22.7127454826316
       53       0.87346637110364E-15    22.7127454826317
       54       0.86661699742615E-15    22.7127454826317
       55       0.86816117788929E-15    22.7127454826317
       56       0.86527786807217E-15    22.7127454826317
       57       0.87172585568845E-15    22.7127454826317
       58       0.86412950635853E-15    22.7127454826317
       59       0.86135716787002E-15    22.7127454826317
       60       0.86035777762523E-15    22.7127454826317
       61       0.86538958738811E-15    22.7127454826317
       62       0.87199452475253E-15    22.7127454826317
       63       0.86331816783050E-15    22.7127454826317
       64       0.86239903741045E-15    22.7127454826317
       65       0.86357583054959E-15    22.7127454826317
       66       0.85738405704057E-15    22.7127454826317
       67       0.86080579237244E-15    22.7127454826317
       68       0.86004964897982E-15    22.7127454826317
       69       0.85262603328157E-15    22.7127454826317
       70       0.85896704261494E-15    22.7127454826317
       71       0.86022964466166E-15    22.7127454826317
       72       0.86205932361007E-15    22.7127454826317
       73       0.86502783772237E-15    22.7127454826317
       74       0.86063722856811E-15    22.7127454826317
       75       0.86169378729549E-15    22.7127454826317
 Benchmark completed 
 VERIFICATION SUCCESSFUL 
 Zeta is     0.2271274548263E+02
 Error is    0.2940684436962E-13


 CG Benchmark Completed.
 Class           =                        B
 Size            =                    75000
 Iterations      =                       75
 Time in seconds =                    10.90
 Total threads   =                       20
 Avail threads   =                       20
 Mop/s total     =                  5019.48
 Mop/s/thread    =                   250.97
 Operation type  =           floating point
 Verification    =               SUCCESSFUL
 Version         =                    3.3.1
 Compile date    =              14 Oct 2021

 Compile options:
    F77          = f77
    FLINK        = $(F77)
    F_LIB        = (none)
    F_INC        = (none)
    FFLAGS       = -O3 -fopenmp
    FLINKFLAGS   = -O3 -fopenmp
    RAND         = randi8


 Please send all errors/feedbacks to:

 NPB Development Team
 npb@nas.nasa.gov


testname,class,size,iterations,exec_time,total_threads,avail_threads,mops_total,mops_per_thread,operation_type,verification,version,compile_date,compiler,linker,lib,inc,flags,linkflags,rand
CG,B,       75000,          75,      10.899,          20,          20,    5019.477,     250.974,          floating point,  SUCCESSFUL,3.3.1,14 Oct 2021,f77,$(F77),(none),(none),-O3 -fopenmp,-O3 -fopenmp,randi8
