

 NAS Parallel Benchmarks (NPB3.3-OMP) - MG Benchmark

 No input file. Using compiled defaults 
 Size:  512x 512x 512  (class C)
 Iterations:                     20
 Number of available threads:    20

 Initialization time:           1.044 seconds

  iter   1
  iter   5
  iter  10
  iter  15
  iter  20

 Benchmark completed 
 VERIFICATION SUCCESSFUL 
 L2 Norm is  0.5706732285740E-06
 Error is    0.0000000000000E+00


 MG Benchmark Completed.
 Class           =                        C
 Size            =            512x 512x 512
 Iterations      =                       20
 Time in seconds =                    10.43
 Total threads   =                       20
 Avail threads   =                       20
 Mop/s total     =                 14928.87
 Mop/s/thread    =                   746.44
 Operation type  =           floating point
 Verification    =               SUCCESSFUL
 Version         =                    3.3.1
 Compile date    =              15 Oct 2021

 Compile options:
    F77          = f77
    FLINK        = $(F77)
    F_LIB        = (none)
    F_INC        = (none)
    FFLAGS       = -O3 -fopenmp
    FLINKFLAGS   = -O3 -fopenmp
    RAND         = randi8


 Please send all errors/feedbacks to:

 NPB Development Team
 npb@nas.nasa.gov


testname,class,size,iterations,exec_time,total_threads,avail_threads,mops_total,mops_per_thread,operation_type,verification,version,compile_date,compiler,linker,lib,inc,flags,linkflags,rand
MG,C, 512x 512x 512,          20,      10.429,          20,          20,   14928.872,     746.444,          floating point,  SUCCESSFUL,3.3.1,15 Oct 2021,f77,$(F77),(none),(none),-O3 -fopenmp,-O3 -fopenmp,randi8
