

 NAS Parallel Benchmarks (NPB3.3-OMP) - CG Benchmark

 Size:       75000
 Iterations:                     75
 Number of available threads:    20

 Initialization time =           0.516 seconds

   iteration           ||r||                 zeta
        1       0.22762136204769E-12    59.9994751578754
        2       0.84840071842915E-15    21.7627846142538
        3       0.86273566035589E-15    22.2876617043224
        4       0.85823622341572E-15    22.5230738188352
        5       0.86942369609465E-15    22.6275390653890
        6       0.86635665589323E-15    22.6740259189537
        7       0.87738231826909E-15    22.6949056826253
        8       0.88407836615542E-15    22.7044023166871
        9       0.88174104668627E-15    22.7087834345616
       10       0.88432151814829E-15    22.7108351397172
       11       0.87840930574494E-15    22.7118107121337
       12       0.88737355072999E-15    22.7122816240973
       13       0.88015373765275E-15    22.7125122663245
       14       0.88839963690868E-15    22.7126268007598
       15       0.87340145116480E-15    22.7126844161817
       16       0.87858858641068E-15    22.7127137461758
       17       0.88075075728640E-15    22.7127288401997
       18       0.88124895815791E-15    22.7127366848297
       19       0.88177208732147E-15    22.7127407981219
       20       0.87656752290710E-15    22.7127429721363
       21       0.87577724988867E-15    22.7127441294027
       22       0.87884751475860E-15    22.7127447493899
       23       0.87785292262481E-15    22.7127450834529
       24       0.87690990973539E-15    22.7127452643879
       25       0.87534377476912E-15    22.7127453628459
       26       0.87961946046983E-15    22.7127454166513
       27       0.88110100251227E-15    22.7127454461692
       28       0.87711269120726E-15    22.7127454624205
       29       0.88368237317440E-15    22.7127454713970
       30       0.87957329321011E-15    22.7127454763704
       31       0.88215483854007E-15    22.7127454791337
       32       0.88010712218511E-15    22.7127454806729
       33       0.87531261066860E-15    22.7127454815324
       34       0.87420991062909E-15    22.7127454820135
       35       0.87045098240905E-15    22.7127454822834
       36       0.87197175121543E-15    22.7127454824351
       37       0.87344798922548E-15    22.7127454825205
       38       0.87182327536647E-15    22.7127454825687
       39       0.87642560680556E-15    22.7127454825959
       40       0.87273899960744E-15    22.7127454826114
       41       0.87375442795761E-15    22.7127454826201
       42       0.87139032432245E-15    22.7127454826251
       43       0.87097850221832E-15    22.7127454826279
       44       0.87311074802427E-15    22.7127454826295
       45       0.87432472326138E-15    22.7127454826304
       46       0.86442613996601E-15    22.7127454826310
       47       0.86868085777346E-15    22.7127454826313
       48       0.86556898232298E-15    22.7127454826315
       49       0.87052182376099E-15    22.7127454826316
       50       0.86962872039660E-15    22.7127454826316
       51       0.87195283607668E-15    22.7127454826317
       52       0.87345465011455E-15    22.7127454826316
       53       0.87257412484983E-15    22.7127454826317
       54       0.86626166276072E-15    22.7127454826317
       55       0.86704635738957E-15    22.7127454826317
       56       0.86566339542558E-15    22.7127454826317
       57       0.87300061683289E-15    22.7127454826317
       58       0.86233959097936E-15    22.7127454826317
       59       0.85997070427722E-15    22.7127454826317
       60       0.85886218834257E-15    22.7127454826317
       61       0.86594444641060E-15    22.7127454826317
       62       0.86970602561707E-15    22.7127454826317
       63       0.86657991854016E-15    22.7127454826317
       64       0.86460493180625E-15    22.7127454826317
       65       0.86437419873749E-15    22.7127454826317
       66       0.85770245258366E-15    22.7127454826317
       67       0.86264703155982E-15    22.7127454826317
       68       0.86057895935509E-15    22.7127454826317
       69       0.85438163129041E-15    22.7127454826317
       70       0.86142095842156E-15    22.7127454826317
       71       0.86178326178342E-15    22.7127454826317
       72       0.86106356184836E-15    22.7127454826317
       73       0.86283378600059E-15    22.7127454826317
       74       0.86206402286481E-15    22.7127454826317
       75       0.86171569085208E-15    22.7127454826317
 Benchmark completed 
 VERIFICATION SUCCESSFUL 
 Zeta is     0.2271274548263E+02
 Error is    0.2909400559973E-13


 CG Benchmark Completed.
 Class           =                        B
 Size            =                    75000
 Iterations      =                       75
 Time in seconds =                    10.98
 Total threads   =                       20
 Avail threads   =                       20
 Mop/s total     =                  4980.51
 Mop/s/thread    =                   249.03
 Operation type  =           floating point
 Verification    =               SUCCESSFUL
 Version         =                    3.3.1
 Compile date    =              15 Oct 2021

 Compile options:
    F77          = f77
    FLINK        = $(F77)
    F_LIB        = (none)
    F_INC        = (none)
    FFLAGS       = -O3 -fopenmp
    FLINKFLAGS   = -O3 -fopenmp
    RAND         = randi8


 Please send all errors/feedbacks to:

 NPB Development Team
 npb@nas.nasa.gov


testname,class,size,iterations,exec_time,total_threads,avail_threads,mops_total,mops_per_thread,operation_type,verification,version,compile_date,compiler,linker,lib,inc,flags,linkflags,rand
CG,B,       75000,          75,      10.985,          20,          20,    4980.509,     249.025,          floating point,  SUCCESSFUL,3.3.1,15 Oct 2021,f77,$(F77),(none),(none),-O3 -fopenmp,-O3 -fopenmp,randi8
