

 NAS Parallel Benchmarks (NPB3.3-OMP) - CG Benchmark

 Size:       75000
 Iterations:                     75
 Number of available threads:    20

 Initialization time =           0.503 seconds

   iteration           ||r||                 zeta
        1       0.22726503953826E-12    59.9994751578754
        2       0.84797519507362E-15    21.7627846142538
        3       0.86251915605672E-15    22.2876617043225
        4       0.85933193914723E-15    22.5230738188353
        5       0.87044922092330E-15    22.6275390653890
        6       0.86627810573427E-15    22.6740259189537
        7       0.87568840402838E-15    22.6949056826253
        8       0.88128933259382E-15    22.7044023166870
        9       0.88388878923682E-15    22.7087834345616
       10       0.88585481935666E-15    22.7108351397172
       11       0.87910602837747E-15    22.7118107121337
       12       0.88762627086534E-15    22.7122816240973
       13       0.88003291540763E-15    22.7125122663245
       14       0.88632826182105E-15    22.7126268007598
       15       0.87378620550608E-15    22.7126844161817
       16       0.88039847634713E-15    22.7127137461758
       17       0.88069734838003E-15    22.7127288401997
       18       0.88191731751508E-15    22.7127366848297
       19       0.87977253007038E-15    22.7127407981219
       20       0.87700294486720E-15    22.7127429721364
       21       0.87272189335699E-15    22.7127441294027
       22       0.87852503722091E-15    22.7127447493899
       23       0.87660887730407E-15    22.7127450834529
       24       0.87683490493074E-15    22.7127452643879
       25       0.87587557570705E-15    22.7127453628459
       26       0.88041730725336E-15    22.7127454166513
       27       0.87870404386240E-15    22.7127454461691
       28       0.87651426939562E-15    22.7127454624205
       29       0.88043685497025E-15    22.7127454713970
       30       0.87729942460581E-15    22.7127454763704
       31       0.87987698202292E-15    22.7127454791336
       32       0.88023851798496E-15    22.7127454806729
       33       0.87341757509001E-15    22.7127454815324
       34       0.87653344860953E-15    22.7127454820135
       35       0.86898422235133E-15    22.7127454822834
       36       0.87443120680796E-15    22.7127454824351
       37       0.87394136148622E-15    22.7127454825205
       38       0.87334256184207E-15    22.7127454825687
       39       0.87580281521880E-15    22.7127454825959
       40       0.87052991306207E-15    22.7127454826114
       41       0.87257938085128E-15    22.7127454826201
       42       0.86954486283872E-15    22.7127454826251
       43       0.87034010145251E-15    22.7127454826279
       44       0.87307417549225E-15    22.7127454826296
       45       0.87185206652030E-15    22.7127454826304
       46       0.86411872233884E-15    22.7127454826310
       47       0.86804069865020E-15    22.7127454826313
       48       0.86594414946379E-15    22.7127454826315
       49       0.86938218160494E-15    22.7127454826316
       50       0.86904595840490E-15    22.7127454826316
       51       0.86793580120296E-15    22.7127454826317
       52       0.87078431381951E-15    22.7127454826316
       53       0.87160906717217E-15    22.7127454826317
       54       0.86665290189799E-15    22.7127454826317
       55       0.86862948094796E-15    22.7127454826317
       56       0.86525988282357E-15    22.7127454826317
       57       0.87099226870616E-15    22.7127454826317
       58       0.86226451928782E-15    22.7127454826317
       59       0.86059665485251E-15    22.7127454826317
       60       0.86075488268022E-15    22.7127454826317
       61       0.86737593456793E-15    22.7127454826317
       62       0.87276516237568E-15    22.7127454826317
       63       0.86668494703383E-15    22.7127454826317
       64       0.86474855759115E-15    22.7127454826317
       65       0.86629685346433E-15    22.7127454826317
       66       0.85716823965548E-15    22.7127454826317
       67       0.86023083863060E-15    22.7127454826317
       68       0.86077519656108E-15    22.7127454826317
       69       0.85448493188110E-15    22.7127454826317
       70       0.86143743622574E-15    22.7127454826317
       71       0.86178545573040E-15    22.7127454826317
       72       0.86075121375444E-15    22.7127454826317
       73       0.86398870709038E-15    22.7127454826317
       74       0.86046270536844E-15    22.7127454826317
       75       0.86116075316735E-15    22.7127454826317
 Benchmark completed 
 VERIFICATION SUCCESSFUL 
 Zeta is     0.2271274548263E+02
 Error is    0.3003252190940E-13


 CG Benchmark Completed.
 Class           =                        B
 Size            =                    75000
 Iterations      =                       75
 Time in seconds =                    10.84
 Total threads   =                       20
 Avail threads   =                       20
 Mop/s total     =                  5045.24
 Mop/s/thread    =                   252.26
 Operation type  =           floating point
 Verification    =               SUCCESSFUL
 Version         =                    3.3.1
 Compile date    =              17 Oct 2021

 Compile options:
    F77          = f77
    FLINK        = $(F77)
    F_LIB        = (none)
    F_INC        = (none)
    FFLAGS       = -O3 -fopenmp
    FLINKFLAGS   = -O3 -fopenmp
    RAND         = randi8


 Please send all errors/feedbacks to:

 NPB Development Team
 npb@nas.nasa.gov


testname,class,size,iterations,exec_time,total_threads,avail_threads,mops_total,mops_per_thread,operation_type,verification,version,compile_date,compiler,linker,lib,inc,flags,linkflags,rand
CG,B,       75000,          75,      10.844,          20,          20,    5045.242,     252.262,          floating point,  SUCCESSFUL,3.3.1,17 Oct 2021,f77,$(F77),(none),(none),-O3 -fopenmp,-O3 -fopenmp,randi8
