

 NAS Parallel Benchmarks (NPB3.3-OMP) - CG Benchmark

 Size:       75000
 Iterations:                     75
 Number of available threads:    20

 Initialization time =           0.513 seconds

   iteration           ||r||                 zeta
        1       0.22749279805741E-12    59.9994751578754
        2       0.84809384863528E-15    21.7627846142538
        3       0.86405381770516E-15    22.2876617043224
        4       0.85920088275148E-15    22.5230738188353
        5       0.86910729530329E-15    22.6275390653890
        6       0.86573884958639E-15    22.6740259189537
        7       0.87612154721361E-15    22.6949056826253
        8       0.88256295309814E-15    22.7044023166870
        9       0.88207587408948E-15    22.7087834345616
       10       0.88545730052051E-15    22.7108351397172
       11       0.87823716396596E-15    22.7118107121336
       12       0.88849101580121E-15    22.7122816240973
       13       0.87919368906267E-15    22.7125122663245
       14       0.88742655369628E-15    22.7126268007598
       15       0.87363326311134E-15    22.7126844161817
       16       0.88221249630961E-15    22.7127137461757
       17       0.88215785670654E-15    22.7127288401997
       18       0.88247470840573E-15    22.7127366848297
       19       0.87864590167319E-15    22.7127407981219
       20       0.87506672368105E-15    22.7127429721364
       21       0.87365329184452E-15    22.7127441294027
       22       0.87846638724301E-15    22.7127447493899
       23       0.87728279627717E-15    22.7127450834529
       24       0.87626301704825E-15    22.7127452643879
       25       0.87749703062606E-15    22.7127453628459
       26       0.88129127707267E-15    22.7127454166513
       27       0.87956310866544E-15    22.7127454461691
       28       0.87787875263785E-15    22.7127454624205
       29       0.88303796623317E-15    22.7127454713970
       30       0.87941997506374E-15    22.7127454763704
       31       0.88094810578028E-15    22.7127454791336
       32       0.88082437894749E-15    22.7127454806729
       33       0.87432033947150E-15    22.7127454815324
       34       0.87609849310942E-15    22.7127454820135
       35       0.87080581914006E-15    22.7127454822834
       36       0.87254635571307E-15    22.7127454824351
       37       0.87131096316696E-15    22.7127454825205
       38       0.87221005086070E-15    22.7127454825687
       39       0.87622770340116E-15    22.7127454825959
       40       0.87222695741475E-15    22.7127454826114
       41       0.87234084479648E-15    22.7127454826201
       42       0.87084250887045E-15    22.7127454826251
       43       0.87084548567501E-15    22.7127454826280
       44       0.87236488669981E-15    22.7127454826295
       45       0.87471142073494E-15    22.7127454826304
       46       0.86381272453005E-15    22.7127454826310
       47       0.86975046169903E-15    22.7127454826313
       48       0.86700241910090E-15    22.7127454826315
       49       0.86988159800574E-15    22.7127454826316
       50       0.86917849341020E-15    22.7127454826316
       51       0.87168742055566E-15    22.7127454826316
       52       0.87004180585334E-15    22.7127454826316
       53       0.87189447709230E-15    22.7127454826317
       54       0.86617151133406E-15    22.7127454826317
       55       0.86782159944236E-15    22.7127454826317
       56       0.86650917079668E-15    22.7127454826317
       57       0.87163131158266E-15    22.7127454826317
       58       0.86233462187364E-15    22.7127454826317
       59       0.86178662068968E-15    22.7127454826317
       60       0.85963782265506E-15    22.7127454826316
       61       0.86476236888284E-15    22.7127454826317
       62       0.87156385803417E-15    22.7127454826317
       63       0.86670659391134E-15    22.7127454826317
       64       0.86528833537929E-15    22.7127454826317
       65       0.86300345823592E-15    22.7127454826317
       66       0.85923354996667E-15    22.7127454826317
       67       0.86353743976807E-15    22.7127454826317
       68       0.86075043148641E-15    22.7127454826317
       69       0.85303228334409E-15    22.7127454826317
       70       0.86029029883509E-15    22.7127454826317
       71       0.86061984890864E-15    22.7127454826317
       72       0.86101564533577E-15    22.7127454826317
       73       0.86483229278136E-15    22.7127454826317
       74       0.86426916995606E-15    22.7127454826317
       75       0.86206220929982E-15    22.7127454826317
 Benchmark completed 
 VERIFICATION SUCCESSFUL 
 Zeta is     0.2271274548263E+02
 Error is    0.2940684436962E-13


 CG Benchmark Completed.
 Class           =                        B
 Size            =                    75000
 Iterations      =                       75
 Time in seconds =                    10.94
 Total threads   =                       20
 Avail threads   =                       20
 Mop/s total     =                  5002.93
 Mop/s/thread    =                   250.15
 Operation type  =           floating point
 Verification    =               SUCCESSFUL
 Version         =                    3.3.1
 Compile date    =              17 Oct 2021

 Compile options:
    F77          = f77
    FLINK        = $(F77)
    F_LIB        = (none)
    F_INC        = (none)
    FFLAGS       = -O3 -fopenmp
    FLINKFLAGS   = -O3 -fopenmp
    RAND         = randi8


 Please send all errors/feedbacks to:

 NPB Development Team
 npb@nas.nasa.gov


testname,class,size,iterations,exec_time,total_threads,avail_threads,mops_total,mops_per_thread,operation_type,verification,version,compile_date,compiler,linker,lib,inc,flags,linkflags,rand
CG,B,       75000,          75,      10.935,          20,          20,    5002.933,     250.147,          floating point,  SUCCESSFUL,3.3.1,17 Oct 2021,f77,$(F77),(none),(none),-O3 -fopenmp,-O3 -fopenmp,randi8
